{
  "0 warn pnpm": {
    "message": "using --force I sure hope you know what you are doing",
    "prefix": "/home/ubuntu/environment/aws-connected-mobility-solution/source/packages/cdf-auto-facade"
  },
  "1 debug pnpm:scope": {
    "selected": 1,
    "total": 1,
    "workspacePrefix": "/home/ubuntu/environment/aws-connected-mobility-solution/source/packages/cdf-auto-facade"
  },
  "2 debug pnpm:package-manifest": {
    "initial": {
      "name": "@cdf/facade-auto",
      "version": "0.0.1",
      "description": "CDF Facade - Auto",
      "author": "Dean Hart",
      "config": {
        "environment": "demo",
        "commitizen": {
          "path": "./node_modules/cz-conventional-changelog"
        }
      },
      "scripts": {
        "tsc": "tsc",
        "clean": "rm -rf dist build tsconfig.tsbuildinfo",
        "reset": "rm -rf cli node_modules package-lock.json",
        "commit": "npx git-cz",
        "lint": "tslint \"src/**/*.ts\"",
        "build": "tsc -b tsconfig.json",
        "test": "rushx lint && NODE_ENV= NODE_CONFIG_DIR='./src/config' nyc jest",
        "start": "rushx build && NODE_CONFIG=$(cat ${CONFIG_LOCATION}/facade/${npm_package_config_environment}-config.json) NODE_CONFIG_DIR='./src/config' concurrently \"npm run build -- -w\" \"nodemon dist/api_gateway_proxy.js\"",
        "prebundle:prepare": "cp src/config/* dist/config/ && make-dir build && make-dir dist/node_modules ",
        "bundle:package": "cd dist && zip -rq ../build/build.zip * && zip -urq ../build/build.zip ../package.json && zip -urq ../build/build.zip ../node_modules",
        "bundle": "pnpm i --prod --shamefully-hoist --force",
        "postbundle:quick": "pnpm i --force",
        "semantic-release": "npx semantic-release -e semantic-release-monorepo"
      },
      "dependencies": {
        "@cdf/errors": "^2.0.0",
        "@cdf/logger": "^2.0.0",
        "@cdf/lambda-invoke": "^1.0.0",
        "@cdf/assetlibrary-client": "^3.0.0",
        "@cdf/config-inject": "^2.0.0",
        "@cdf/provisioning-client": "^3.0.0",
        "aws-sdk": "2.598.0",
        "aws-serverless-express": "3.3.6",
        "body-parser": "1.19.0",
        "busboy": "0.3.1",
        "config": "3.2.4",
        "express": "4.17.1",
        "inversify": "5.0.1",
        "inversify-binding-decorators": "4.0.0",
        "inversify-express-utils": "6.3.2",
        "js-yaml": "3.13.1",
        "jszip": "3.2.2",
        "logform": "2.1.2",
        "math": "0.0.3",
        "multer": "1.4.2",
        "ow": "0.15.0",
        "reflect-metadata": "0.1.13",
        "superagent": "7.0.2",
        "uuid": "3.3.3",
        "winston": "3.2.1",
        "winston-transport": "4.3.0"
      },
      "devDependencies": {
        "@commitlint/cli": "8.2.0",
        "@commitlint/config-conventional": "8.2.0",
        "@semantic-release/changelog": "3.0.6",
        "@semantic-release/git": "7.0.18",
        "@semantic-release/npm": "5.3.4",
        "@semantic-release/release-notes-generator": "7.3.5",
        "@types/aws-serverless-express": "3.3.2",
        "@types/body-parser": "1.17.1",
        "@types/busboy": "0.2.3",
        "@types/config": "0.0.36",
        "@types/express": "4.17.2",
        "@types/jest": "24.0.24",
        "@types/jszip": "3.1.6",
        "@types/multer": "1.3.10",
        "@types/node": "^12.12.21",
        "@types/uuid": "3.4.6",
        "commitizen": "4.0.3",
        "concurrently": "5.0.2",
        "cpy-cli": "3.0.0",
        "cz-conventional-changelog": "3.0.2",
        "del-cli": "3.0.0",
        "husky": "3.1.0",
        "jest": "24.9.0",
        "jest-create-mock-instance": "1.1.0",
        "jest-haste-map": "24.9.0",
        "jest-mock": "24.9.0",
        "jest-resolve": "24.9.0",
        "make-dir-cli": "2.0.0",
        "nodemon": "2.0.2",
        "nyc": "14.1.1",
        "semantic-release": "15.13.31",
        "semantic-release-monorepo": "6.1.1",
        "ts-jest": "24.2.0",
        "tslint": "5.20.1",
        "typescript": "3.7.3"
      },
      "jest": {
        "globals": {
          "NODE_CONFIG_DIR": "./src/config"
        },
        "roots": [
          "<rootDir>/src"
        ],
        "transform": {
          "^.+\\.tsx?$": "ts-jest"
        },
        "testMatch": [
          "<rootDir>/**/?(*.)+(spec|test).ts?(x)"
        ],
        "moduleFileExtensions": [
          "ts",
          "tsx",
          "js",
          "jsx",
          "json",
          "node"
        ]
      },
      "private": true,
      "husky": {
        "hooks": {
          "commit-msg": "commitlint -E HUSKY_GIT_PARAMS"
        }
      }
    },
    "prefix": "/home/ubuntu/environment/aws-connected-mobility-solution/source/packages/cdf-auto-facade"
  },
  "3 debug pnpm:context": {
    "currentLockfileExists": false,
    "storeDir": "/home/ubuntu/.pnpm-store/v3",
    "virtualStoreDir": "/home/ubuntu/environment/aws-connected-mobility-solution/source/packages/cdf-auto-facade/node_modules/.pnpm"
  },
  "4 debug pnpm:stage": {
    "prefix": "/home/ubuntu/environment/aws-connected-mobility-solution/source/packages/cdf-auto-facade",
    "stage": "resolution_started"
  },
  "5 debug pnpm:_dependency_resolved": {
    "resolution": "registry.npmjs.org/aws-serverless-express/3.3.6",
    "wanted": {
      "dependentId": ".",
      "name": "aws-serverless-express",
      "rawSpec": "3.3.6"
    }
  },
  "6 debug pnpm:progress": {
    "packageId": "registry.npmjs.org/aws-serverless-express/3.3.6",
    "requester": "/home/ubuntu/environment/aws-connected-mobility-solution/source/packages/cdf-auto-facade",
    "status": "resolved"
  },
  "7 debug pnpm:_dependency_resolved": {
    "resolution": "registry.npmjs.org/body-parser/1.19.0",
    "wanted": {
      "dependentId": ".",
      "name": "body-parser",
      "rawSpec": "1.19.0"
    }
  },
  "8 debug pnpm:progress": {
    "packageId": "registry.npmjs.org/body-parser/1.19.0",
    "requester": "/home/ubuntu/environment/aws-connected-mobility-solution/source/packages/cdf-auto-facade",
    "status": "resolved"
  },
  "9 debug pnpm:_dependency_resolved": {
    "resolution": "registry.npmjs.org/busboy/0.3.1",
    "wanted": {
      "dependentId": ".",
      "name": "busboy",
      "rawSpec": "0.3.1"
    }
  },
  "10 debug pnpm:progress": {
    "packageId": "registry.npmjs.org/busboy/0.3.1",
    "requester": "/home/ubuntu/environment/aws-connected-mobility-solution/source/packages/cdf-auto-facade",
    "status": "resolved"
  },
  "11 debug pnpm:_dependency_resolved": {
    "resolution": "registry.npmjs.org/config/3.2.4",
    "wanted": {
      "dependentId": ".",
      "name": "config",
      "rawSpec": "3.2.4"
    }
  },
  "12 debug pnpm:progress": {
    "packageId": "registry.npmjs.org/config/3.2.4",
    "requester": "/home/ubuntu/environment/aws-connected-mobility-solution/source/packages/cdf-auto-facade",
    "status": "resolved"
  },
  "13 debug pnpm:_dependency_resolved": {
    "resolution": "registry.npmjs.org/express/4.17.1",
    "wanted": {
      "dependentId": ".",
      "name": "express",
      "rawSpec": "4.17.1"
    }
  },
  "14 debug pnpm:progress": {
    "packageId": "registry.npmjs.org/express/4.17.1",
    "requester": "/home/ubuntu/environment/aws-connected-mobility-solution/source/packages/cdf-auto-facade",
    "status": "resolved"
  },
  "15 debug pnpm:_dependency_resolved": {
    "resolution": "registry.npmjs.org/inversify/5.0.1",
    "wanted": {
      "dependentId": ".",
      "name": "inversify",
      "rawSpec": "5.0.1"
    }
  },
  "16 debug pnpm:progress": {
    "packageId": "registry.npmjs.org/inversify/5.0.1",
    "requester": "/home/ubuntu/environment/aws-connected-mobility-solution/source/packages/cdf-auto-facade",
    "status": "resolved"
  },
  "17 debug pnpm:_dependency_resolved": {
    "resolution": "registry.npmjs.org/inversify-express-utils/6.3.2",
    "wanted": {
      "dependentId": ".",
      "name": "inversify-express-utils",
      "rawSpec": "6.3.2"
    }
  },
  "18 debug pnpm:progress": {
    "packageId": "registry.npmjs.org/inversify-express-utils/6.3.2",
    "requester": "/home/ubuntu/environment/aws-connected-mobility-solution/source/packages/cdf-auto-facade",
    "status": "resolved"
  },
  "19 debug pnpm:_dependency_resolved": {
    "resolution": "registry.npmjs.org/js-yaml/3.13.1",
    "wanted": {
      "dependentId": ".",
      "name": "js-yaml",
      "rawSpec": "3.13.1"
    }
  },
  "20 debug pnpm:progress": {
    "packageId": "registry.npmjs.org/js-yaml/3.13.1",
    "requester": "/home/ubuntu/environment/aws-connected-mobility-solution/source/packages/cdf-auto-facade",
    "status": "resolved"
  },
  "21 debug pnpm:_dependency_resolved": {
    "resolution": "registry.npmjs.org/aws-sdk/2.598.0",
    "wanted": {
      "dependentId": ".",
      "name": "aws-sdk",
      "rawSpec": "2.598.0"
    }
  },
  "22 debug pnpm:progress": {
    "packageId": "registry.npmjs.org/aws-sdk/2.598.0",
    "requester": "/home/ubuntu/environment/aws-connected-mobility-solution/source/packages/cdf-auto-facade",
    "status": "resolved"
  },
  "23 debug pnpm:_dependency_resolved": {
    "resolution": "registry.npmjs.org/jszip/3.2.2",
    "wanted": {
      "dependentId": ".",
      "name": "jszip",
      "rawSpec": "3.2.2"
    }
  },
  "24 debug pnpm:progress": {
    "packageId": "registry.npmjs.org/jszip/3.2.2",
    "requester": "/home/ubuntu/environment/aws-connected-mobility-solution/source/packages/cdf-auto-facade",
    "status": "resolved"
  },
  "25 debug pnpm:_dependency_resolved": {
    "resolution": "registry.npmjs.org/logform/2.1.2",
    "wanted": {
      "dependentId": ".",
      "name": "logform",
      "rawSpec": "2.1.2"
    }
  },
  "26 debug pnpm:progress": {
    "packageId": "registry.npmjs.org/logform/2.1.2",
    "requester": "/home/ubuntu/environment/aws-connected-mobility-solution/source/packages/cdf-auto-facade",
    "status": "resolved"
  },
  "27 debug pnpm:_dependency_resolved": {
    "resolution": "registry.npmjs.org/multer/1.4.2",
    "wanted": {
      "dependentId": ".",
      "name": "multer",
      "rawSpec": "1.4.2"
    }
  },
  "28 debug pnpm:progress": {
    "packageId": "registry.npmjs.org/multer/1.4.2",
    "requester": "/home/ubuntu/environment/aws-connected-mobility-solution/source/packages/cdf-auto-facade",
    "status": "resolved"
  },
  "29 debug pnpm:_dependency_resolved": {
    "resolution": "registry.npmjs.org/reflect-metadata/0.1.13",
    "wanted": {
      "dependentId": ".",
      "name": "reflect-metadata",
      "rawSpec": "0.1.13"
    }
  },
  "30 debug pnpm:progress": {
    "packageId": "registry.npmjs.org/reflect-metadata/0.1.13",
    "requester": "/home/ubuntu/environment/aws-connected-mobility-solution/source/packages/cdf-auto-facade",
    "status": "resolved"
  },
  "31 debug pnpm:_dependency_resolved": {
    "resolution": "registry.npmjs.org/superagent/5.1.2",
    "wanted": {
      "dependentId": ".",
      "name": "superagent",
      "rawSpec": "5.1.2"
    }
  },
  "32 debug pnpm:progress": {
    "packageId": "registry.npmjs.org/superagent/5.1.2",
    "requester": "/home/ubuntu/environment/aws-connected-mobility-solution/source/packages/cdf-auto-facade",
    "status": "resolved"
  },
  "33 debug pnpm:_dependency_resolved": {
    "resolution": "registry.npmjs.org/uuid/3.3.3",
    "wanted": {
      "dependentId": ".",
      "name": "uuid",
      "rawSpec": "3.3.3"
    }
  },
  "34 debug pnpm:deprecation": {
    "deprecated": "Please upgrade  to version 7 or higher.  Older versions may use Math.random() in certain circumstances, which is known to be problematic.  See https://v8.dev/blog/math-random for details.",
    "depth": 0,
    "pkgId": "registry.npmjs.org/uuid/3.3.3",
    "pkgName": "uuid",
    "pkgVersion": "3.3.3",
    "prefix": "/home/ubuntu/environment/aws-connected-mobility-solution/source/packages/cdf-auto-facade"
  },
  "35 debug pnpm:progress": {
    "packageId": "registry.npmjs.org/uuid/3.3.3",
    "requester": "/home/ubuntu/environment/aws-connected-mobility-solution/source/packages/cdf-auto-facade",
    "status": "resolved"
  },
  "36 debug pnpm:progress": {
    "packageId": "registry.npmjs.org/body-parser/1.19.0",
    "requester": "/home/ubuntu/environment/aws-connected-mobility-solution/source/packages/cdf-auto-facade",
    "status": "found_in_store"
  },
  "37 debug pnpm:progress": {
    "packageId": "registry.npmjs.org/express/4.17.1",
    "requester": "/home/ubuntu/environment/aws-connected-mobility-solution/source/packages/cdf-auto-facade",
    "status": "found_in_store"
  },
  "38 error pnpm": {
    "code": "ERR_PNPM_FETCH_404",
    "hint": "@cdf/lambda-invoke is not in the npm registry, or you have no permission to fetch it.\n\nNo authorization header was set for the request.",
    "request": {
      "url": "https://registry.npmjs.org/@cdf%2Flambda-invoke"
    },
    "response": {
      "size": 0
    },
    "pkgName": "@cdf/lambda-invoke",
    "pkgsStack": [],
    "err": {
      "name": "pnpm",
      "message": "GET https://registry.npmjs.org/@cdf%2Flambda-invoke: Not Found - 404",
      "code": "ERR_PNPM_FETCH_404",
      "stack": "pnpm: GET https://registry.npmjs.org/@cdf%2Flambda-invoke: Not Found - 404\n    at RetryOperation._fn (/home/ubuntu/.nvm/versions/node/v14.18.1/lib/node_modules/pnpm/dist/pnpm.cjs:84952:18)\n    at processTicksAndRejections (internal/process/task_queues.js:95:5)"
    }
  },
  "39 debug pnpm:_dependency_resolved": {
    "resolution": "registry.npmjs.org/inversify-binding-decorators/4.0.0",
    "wanted": {
      "dependentId": ".",
      "name": "inversify-binding-decorators",
      "rawSpec": "4.0.0"
    }
  },
  "40 debug pnpm:progress": {
    "packageId": "registry.npmjs.org/inversify-binding-decorators/4.0.0",
    "requester": "/home/ubuntu/environment/aws-connected-mobility-solution/source/packages/cdf-auto-facade",
    "status": "resolved"
  }
}